{"/Users/birkir/Projects/dynamic-color/src/index.tsx": {"path":"/Users/birkir/Projects/dynamic-color/src/index.tsx","statementMap":{"0":{"start":{"line":41,"column":2},"end":{"line":41,"column":52}},"1":{"start":{"line":78,"column":18},"end":{"line":78,"column":59}},"2":{"start":{"line":79,"column":22},"end":{"line":79,"column":27}},"3":{"start":{"line":80,"column":26},"end":{"line":80,"column":51}},"4":{"start":{"line":81,"column":27},"end":{"line":81,"column":54}},"5":{"start":{"line":83,"column":18},"end":{"line":92,"column":5}},"6":{"start":{"line":94,"column":4},"end":{"line":112,"column":5}},"7":{"start":{"line":95,"column":6},"end":{"line":107,"column":7}},"8":{"start":{"line":96,"column":8},"end":{"line":100,"column":9}},"9":{"start":{"line":97,"column":10},"end":{"line":97,"column":40}},"10":{"start":{"line":99,"column":10},"end":{"line":99,"column":28}},"11":{"start":{"line":101,"column":13},"end":{"line":107,"column":7}},"12":{"start":{"line":102,"column":8},"end":{"line":106,"column":9}},"13":{"start":{"line":103,"column":10},"end":{"line":103,"column":41}},"14":{"start":{"line":105,"column":10},"end":{"line":105,"column":29}},"15":{"start":{"line":108,"column":11},"end":{"line":112,"column":5}},"16":{"start":{"line":109,"column":6},"end":{"line":111,"column":8}},"17":{"start":{"line":113,"column":4},"end":{"line":113,"column":14}},"18":{"start":{"line":115,"column":2},"end":{"line":115,"column":25}},"19":{"start":{"line":131,"column":16},"end":{"line":131,"column":35}},"20":{"start":{"line":132,"column":2},"end":{"line":132,"column":67}},"21":{"start":{"line":132,"column":39},"end":{"line":132,"column":66}},"22":{"start":{"line":136,"column":2},"end":{"line":138,"column":3}},"23":{"start":{"line":137,"column":4},"end":{"line":137,"column":11}},"24":{"start":{"line":141,"column":2},"end":{"line":141,"column":66}},"25":{"start":{"line":146,"column":2},"end":{"line":163,"column":4}},"26":{"start":{"line":147,"column":18},"end":{"line":147,"column":67}},"27":{"start":{"line":148,"column":4},"end":{"line":161,"column":5}},"28":{"start":{"line":149,"column":20},"end":{"line":149,"column":30}},"29":{"start":{"line":150,"column":6},"end":{"line":160,"column":7}},"30":{"start":{"line":151,"column":24},"end":{"line":151,"column":62}},"31":{"start":{"line":152,"column":8},"end":{"line":159,"column":9}},"32":{"start":{"line":153,"column":10},"end":{"line":158,"column":11}},"33":{"start":{"line":154,"column":26},"end":{"line":154,"column":48}},"34":{"start":{"line":155,"column":12},"end":{"line":155,"column":57}},"35":{"start":{"line":157,"column":12},"end":{"line":157,"column":69}},"36":{"start":{"line":162,"column":4},"end":{"line":162,"column":17}},"37":{"start":{"line":166,"column":0},"end":{"line":166,"column":27}}},"fnMap":{"0":{"name":"DynamicColorIOSProperty","decl":{"start":{"line":40,"column":16},"end":{"line":40,"column":39}},"loc":{"start":{"line":40,"column":69},"end":{"line":42,"column":1}},"line":40},"1":{"name":"DynamicColor","decl":{"start":{"line":75,"column":16},"end":{"line":75,"column":28}},"loc":{"start":{"line":75,"column":55},"end":{"line":116,"column":1}},"line":75},"2":{"name":"getDynamicColor","decl":{"start":{"line":76,"column":11},"end":{"line":76,"column":26}},"loc":{"start":{"line":76,"column":52},"end":{"line":114,"column":3}},"line":76},"3":{"name":"useDynamicColor","decl":{"start":{"line":130,"column":16},"end":{"line":130,"column":31}},"loc":{"start":{"line":130,"column":34},"end":{"line":133,"column":1}},"line":130},"4":{"name":"(anonymous_4)","decl":{"start":{"line":132,"column":9},"end":{"line":132,"column":10}},"loc":{"start":{"line":132,"column":39},"end":{"line":132,"column":66}},"line":132},"5":{"name":"applyDynamicColorSupport","decl":{"start":{"line":135,"column":16},"end":{"line":135,"column":40}},"loc":{"start":{"line":135,"column":43},"end":{"line":164,"column":1}},"line":135},"6":{"name":"(anonymous_6)","decl":{"start":{"line":146,"column":23},"end":{"line":146,"column":24}},"loc":{"start":{"line":146,"column":34},"end":{"line":163,"column":3}},"line":146}},"branchMap":{"0":{"loc":{"start":{"line":78,"column":18},"end":{"line":78,"column":59}},"type":"cond-expr","locations":[{"start":{"line":78,"column":45},"end":{"line":78,"column":54}},{"start":{"line":78,"column":57},"end":{"line":78,"column":59}}],"line":78},"1":{"loc":{"start":{"line":84,"column":13},"end":{"line":84,"column":73}},"type":"cond-expr","locations":[{"start":{"line":84,"column":29},"end":{"line":84,"column":59}},{"start":{"line":84,"column":62},"end":{"line":84,"column":73}}],"line":84},"2":{"loc":{"start":{"line":85,"column":12},"end":{"line":85,"column":70}},"type":"cond-expr","locations":[{"start":{"line":85,"column":28},"end":{"line":85,"column":57}},{"start":{"line":85,"column":60},"end":{"line":85,"column":70}}],"line":85},"3":{"loc":{"start":{"line":86,"column":25},"end":{"line":88,"column":33}},"type":"cond-expr","locations":[{"start":{"line":87,"column":10},"end":{"line":87,"column":45}},{"start":{"line":88,"column":10},"end":{"line":88,"column":33}}],"line":86},"4":{"loc":{"start":{"line":89,"column":24},"end":{"line":91,"column":32}},"type":"cond-expr","locations":[{"start":{"line":90,"column":10},"end":{"line":90,"column":44}},{"start":{"line":91,"column":10},"end":{"line":91,"column":32}}],"line":89},"5":{"loc":{"start":{"line":94,"column":4},"end":{"line":112,"column":5}},"type":"if","locations":[{"start":{"line":94,"column":4},"end":{"line":112,"column":5}},{"start":{"line":108,"column":11},"end":{"line":112,"column":5}}],"line":94},"6":{"loc":{"start":{"line":95,"column":6},"end":{"line":107,"column":7}},"type":"if","locations":[{"start":{"line":95,"column":6},"end":{"line":107,"column":7}},{"start":{"line":101,"column":13},"end":{"line":107,"column":7}}],"line":95},"7":{"loc":{"start":{"line":96,"column":8},"end":{"line":100,"column":9}},"type":"if","locations":[{"start":{"line":96,"column":8},"end":{"line":100,"column":9}},{"start":{"line":98,"column":15},"end":{"line":100,"column":9}}],"line":96},"8":{"loc":{"start":{"line":96,"column":12},"end":{"line":96,"column":52}},"type":"binary-expr","locations":[{"start":{"line":96,"column":12},"end":{"line":96,"column":26}},{"start":{"line":96,"column":30},"end":{"line":96,"column":52}}],"line":96},"9":{"loc":{"start":{"line":101,"column":13},"end":{"line":107,"column":7}},"type":"if","locations":[{"start":{"line":101,"column":13},"end":{"line":107,"column":7}},{"start":{},"end":{}}],"line":101},"10":{"loc":{"start":{"line":102,"column":8},"end":{"line":106,"column":9}},"type":"if","locations":[{"start":{"line":102,"column":8},"end":{"line":106,"column":9}},{"start":{"line":104,"column":15},"end":{"line":106,"column":9}}],"line":102},"11":{"loc":{"start":{"line":102,"column":12},"end":{"line":102,"column":53}},"type":"binary-expr","locations":[{"start":{"line":102,"column":12},"end":{"line":102,"column":26}},{"start":{"line":102,"column":30},"end":{"line":102,"column":53}}],"line":102},"12":{"loc":{"start":{"line":108,"column":11},"end":{"line":112,"column":5}},"type":"if","locations":[{"start":{"line":108,"column":11},"end":{"line":112,"column":5}},{"start":{},"end":{}}],"line":108},"13":{"loc":{"start":{"line":110,"column":8},"end":{"line":110,"column":58}},"type":"cond-expr","locations":[{"start":{"line":110,"column":36},"end":{"line":110,"column":41}},{"start":{"line":110,"column":45},"end":{"line":110,"column":57}}],"line":110},"14":{"loc":{"start":{"line":136,"column":2},"end":{"line":138,"column":3}},"type":"if","locations":[{"start":{"line":136,"column":2},"end":{"line":138,"column":3}},{"start":{},"end":{}}],"line":136},"15":{"loc":{"start":{"line":150,"column":6},"end":{"line":160,"column":7}},"type":"if","locations":[{"start":{"line":150,"column":6},"end":{"line":160,"column":7}},{"start":{},"end":{}}],"line":150},"16":{"loc":{"start":{"line":152,"column":8},"end":{"line":159,"column":9}},"type":"if","locations":[{"start":{"line":152,"column":8},"end":{"line":159,"column":9}},{"start":{},"end":{}}],"line":152},"17":{"loc":{"start":{"line":152,"column":12},"end":{"line":152,"column":33}},"type":"binary-expr","locations":[{"start":{"line":152,"column":12},"end":{"line":152,"column":19}},{"start":{"line":152,"column":23},"end":{"line":152,"column":33}}],"line":152}},"s":{"0":5,"1":10,"2":10,"3":10,"4":10,"5":10,"6":10,"7":8,"8":5,"9":1,"10":4,"11":3,"12":3,"13":0,"14":3,"15":2,"16":2,"17":0,"18":8,"19":2,"20":2,"21":2,"22":1,"23":0,"24":1,"25":1,"26":2,"27":2,"28":2,"29":2,"30":2,"31":2,"32":2,"33":2,"34":2,"35":0,"36":2,"37":1},"f":{"0":5,"1":8,"2":10,"3":2,"4":2,"5":1,"6":2},"b":{"0":[0,10],"1":[6,4],"2":[6,4],"3":[6,4],"4":[6,4],"5":[8,2],"6":[5,3],"7":[1,4],"8":[5,2],"9":[3,0],"10":[0,3],"11":[3,0],"12":[2,0],"13":[0,2],"14":[0,1],"15":[2,0],"16":[2,0],"17":[2,2]},"_coverageSchema":"1a1c01bbd47fc00a2c39e90264f33305004495a9","hash":"2ce48e1d9384a7d6c3c24c46eed3b333b3745389"}
}
