TN:
SF:src/index.tsx
FN:40,DynamicColorIOSProperty
FN:75,DynamicColor
FN:76,getDynamicColor
FN:130,useDynamicColor
FN:132,(anonymous_4)
FN:135,applyDynamicColorSupport
FN:146,(anonymous_6)
FNF:7
FNH:7
FNDA:5,DynamicColorIOSProperty
FNDA:8,DynamicColor
FNDA:10,getDynamicColor
FNDA:2,useDynamicColor
FNDA:2,(anonymous_4)
FNDA:1,applyDynamicColorSupport
FNDA:2,(anonymous_6)
DA:41,5
DA:78,10
DA:79,10
DA:80,10
DA:81,10
DA:83,10
DA:94,10
DA:95,8
DA:96,5
DA:97,1
DA:99,4
DA:101,3
DA:102,3
DA:103,0
DA:105,3
DA:108,2
DA:109,2
DA:113,0
DA:115,8
DA:131,2
DA:132,2
DA:136,1
DA:137,0
DA:141,1
DA:146,1
DA:147,2
DA:148,2
DA:149,2
DA:150,2
DA:151,2
DA:152,2
DA:153,2
DA:154,2
DA:155,2
DA:157,0
DA:162,2
DA:166,1
LF:37
LH:33
BRDA:78,0,0,0
BRDA:78,0,1,10
BRDA:84,1,0,6
BRDA:84,1,1,4
BRDA:85,2,0,6
BRDA:85,2,1,4
BRDA:86,3,0,6
BRDA:86,3,1,4
BRDA:89,4,0,6
BRDA:89,4,1,4
BRDA:94,5,0,8
BRDA:94,5,1,2
BRDA:95,6,0,5
BRDA:95,6,1,3
BRDA:96,7,0,1
BRDA:96,7,1,4
BRDA:96,8,0,5
BRDA:96,8,1,2
BRDA:101,9,0,3
BRDA:101,9,1,0
BRDA:102,10,0,0
BRDA:102,10,1,3
BRDA:102,11,0,3
BRDA:102,11,1,0
BRDA:108,12,0,2
BRDA:108,12,1,0
BRDA:110,13,0,0
BRDA:110,13,1,2
BRDA:136,14,0,0
BRDA:136,14,1,1
BRDA:150,15,0,2
BRDA:150,15,1,0
BRDA:152,16,0,2
BRDA:152,16,1,0
BRDA:152,17,0,2
BRDA:152,17,1,2
BRF:36
BRH:27
end_of_record
